

 The input file has been read successfully 
 Number of elements:                1
 Number of nodes:                   8
 Number of constraints:             0
 Total no. degrees of freedom:     16
  
  
  ===================== STIFFNESS CHECK ============================

 Testing ABAQUS UEL with flag U     1

  Column            1  node            1  DOF            1
 Row    1 node    1 DOF    1 Stiffness     0.10000D+03 Numerical deriv     0.10000D+03
 Row    2 node    1 DOF    2 Stiffness     0.45406D+02 Numerical deriv     0.45406D+02
 Row    3 node    2 DOF    1 Stiffness     0.49145D+02 Numerical deriv     0.49145D+02
 Row    4 node    2 DOF    2 Stiffness    -0.16026D+01 Numerical deriv    -0.16026D+01
 Row    5 node    3 DOF    1 Stiffness     0.44231D+02 Numerical deriv     0.44231D+02
 Row    6 node    3 DOF    2 Stiffness     0.18697D+02 Numerical deriv     0.18697D+02
 Row    7 node    4 DOF    1 Stiffness     0.37393D+02 Numerical deriv     0.37393D+02
 Row    8 node    4 DOF    2 Stiffness     0.16026D+01 Numerical deriv     0.16026D+01
 Row    9 node    5 DOF    1 Stiffness    -0.11709D+03 Numerical deriv    -0.11709D+03
 Row   10 node    5 DOF    2 Stiffness    -0.14957D+02 Numerical deriv    -0.14957D+02
 Row   11 node    6 DOF    1 Stiffness    -0.26068D+02 Numerical deriv    -0.26068D+02
 Row   12 node    6 DOF    2 Stiffness    -0.10684D+02 Numerical deriv    -0.10684D+02
 Row   13 node    7 DOF    1 Stiffness    -0.62393D+02 Numerical deriv    -0.62393D+02
 Row   14 node    7 DOF    2 Stiffness    -0.10684D+02 Numerical deriv    -0.10684D+02
 Row   15 node    8 DOF    1 Stiffness    -0.25214D+02 Numerical deriv    -0.25214D+02
 Row   16 node    8 DOF    2 Stiffness    -0.27778D+02 Numerical deriv    -0.27778D+02

  Column            2  node            1  DOF            2
 Row    1 node    1 DOF    1 Stiffness     0.45406D+02 Numerical deriv     0.45406D+02
 Row    2 node    1 DOF    2 Stiffness     0.10000D+03 Numerical deriv     0.10000D+03
 Row    3 node    2 DOF    1 Stiffness     0.16026D+01 Numerical deriv     0.16026D+01
 Row    4 node    2 DOF    2 Stiffness     0.37393D+02 Numerical deriv     0.37393D+02
 Row    5 node    3 DOF    1 Stiffness     0.18697D+02 Numerical deriv     0.18697D+02
 Row    6 node    3 DOF    2 Stiffness     0.44231D+02 Numerical deriv     0.44231D+02
 Row    7 node    4 DOF    1 Stiffness    -0.16026D+01 Numerical deriv    -0.16026D+01
 Row    8 node    4 DOF    2 Stiffness     0.49145D+02 Numerical deriv     0.49145D+02
 Row    9 node    5 DOF    1 Stiffness    -0.27778D+02 Numerical deriv    -0.27778D+02
 Row   10 node    5 DOF    2 Stiffness    -0.25214D+02 Numerical deriv    -0.25214D+02
 Row   11 node    6 DOF    1 Stiffness    -0.10684D+02 Numerical deriv    -0.10684D+02
 Row   12 node    6 DOF    2 Stiffness    -0.62393D+02 Numerical deriv    -0.62393D+02
 Row   13 node    7 DOF    1 Stiffness    -0.10684D+02 Numerical deriv    -0.10684D+02
 Row   14 node    7 DOF    2 Stiffness    -0.26068D+02 Numerical deriv    -0.26068D+02
 Row   15 node    8 DOF    1 Stiffness    -0.14957D+02 Numerical deriv    -0.14957D+02
 Row   16 node    8 DOF    2 Stiffness    -0.11709D+03 Numerical deriv    -0.11709D+03

  Column            3  node            2  DOF            1
 Row    1 node    1 DOF    1 Stiffness     0.49145D+02 Numerical deriv     0.49145D+02
 Row    2 node    1 DOF    2 Stiffness     0.16026D+01 Numerical deriv     0.16026D+01
 Row    3 node    2 DOF    1 Stiffness     0.10000D+03 Numerical deriv     0.10000D+03
 Row    4 node    2 DOF    2 Stiffness    -0.45406D+02 Numerical deriv    -0.45406D+02
 Row    5 node    3 DOF    1 Stiffness     0.37393D+02 Numerical deriv     0.37393D+02
 Row    6 node    3 DOF    2 Stiffness    -0.16026D+01 Numerical deriv    -0.16026D+01
 Row    7 node    4 DOF    1 Stiffness     0.44231D+02 Numerical deriv     0.44231D+02
 Row    8 node    4 DOF    2 Stiffness    -0.18697D+02 Numerical deriv    -0.18697D+02
 Row    9 node    5 DOF    1 Stiffness    -0.11709D+03 Numerical deriv    -0.11709D+03
 Row   10 node    5 DOF    2 Stiffness     0.14957D+02 Numerical deriv     0.14957D+02
 Row   11 node    6 DOF    1 Stiffness    -0.25214D+02 Numerical deriv    -0.25214D+02
 Row   12 node    6 DOF    2 Stiffness     0.27778D+02 Numerical deriv     0.27778D+02
 Row   13 node    7 DOF    1 Stiffness    -0.62393D+02 Numerical deriv    -0.62393D+02
 Row   14 node    7 DOF    2 Stiffness     0.10684D+02 Numerical deriv     0.10684D+02
 Row   15 node    8 DOF    1 Stiffness    -0.26068D+02 Numerical deriv    -0.26068D+02
 Row   16 node    8 DOF    2 Stiffness     0.10684D+02 Numerical deriv     0.10684D+02

  Column            4  node            2  DOF            2
 Row    1 node    1 DOF    1 Stiffness    -0.16026D+01 Numerical deriv    -0.16026D+01
 Row    2 node    1 DOF    2 Stiffness     0.37393D+02 Numerical deriv     0.37393D+02
 Row    3 node    2 DOF    1 Stiffness    -0.45406D+02 Numerical deriv    -0.45406D+02
 Row    4 node    2 DOF    2 Stiffness     0.10000D+03 Numerical deriv     0.10000D+03
 Row    5 node    3 DOF    1 Stiffness     0.16026D+01 Numerical deriv     0.16026D+01
 Row    6 node    3 DOF    2 Stiffness     0.49145D+02 Numerical deriv     0.49145D+02
 Row    7 node    4 DOF    1 Stiffness    -0.18697D+02 Numerical deriv    -0.18697D+02
 Row    8 node    4 DOF    2 Stiffness     0.44231D+02 Numerical deriv     0.44231D+02
 Row    9 node    5 DOF    1 Stiffness     0.27778D+02 Numerical deriv     0.27778D+02
 Row   10 node    5 DOF    2 Stiffness    -0.25214D+02 Numerical deriv    -0.25214D+02
 Row   11 node    6 DOF    1 Stiffness     0.14957D+02 Numerical deriv     0.14957D+02
 Row   12 node    6 DOF    2 Stiffness    -0.11709D+03 Numerical deriv    -0.11709D+03
 Row   13 node    7 DOF    1 Stiffness     0.10684D+02 Numerical deriv     0.10684D+02
 Row   14 node    7 DOF    2 Stiffness    -0.26068D+02 Numerical deriv    -0.26068D+02
 Row   15 node    8 DOF    1 Stiffness     0.10684D+02 Numerical deriv     0.10684D+02
 Row   16 node    8 DOF    2 Stiffness    -0.62393D+02 Numerical deriv    -0.62393D+02

  Column            5  node            3  DOF            1
 Row    1 node    1 DOF    1 Stiffness     0.44231D+02 Numerical deriv     0.44231D+02
 Row    2 node    1 DOF    2 Stiffness     0.18697D+02 Numerical deriv     0.18697D+02
 Row    3 node    2 DOF    1 Stiffness     0.37393D+02 Numerical deriv     0.37393D+02
 Row    4 node    2 DOF    2 Stiffness     0.16026D+01 Numerical deriv     0.16026D+01
 Row    5 node    3 DOF    1 Stiffness     0.10000D+03 Numerical deriv     0.10000D+03
 Row    6 node    3 DOF    2 Stiffness     0.45406D+02 Numerical deriv     0.45406D+02
 Row    7 node    4 DOF    1 Stiffness     0.49145D+02 Numerical deriv     0.49145D+02
 Row    8 node    4 DOF    2 Stiffness    -0.16026D+01 Numerical deriv    -0.16026D+01
 Row    9 node    5 DOF    1 Stiffness    -0.62393D+02 Numerical deriv    -0.62393D+02
 Row   10 node    5 DOF    2 Stiffness    -0.10684D+02 Numerical deriv    -0.10684D+02
 Row   11 node    6 DOF    1 Stiffness    -0.25214D+02 Numerical deriv    -0.25214D+02
 Row   12 node    6 DOF    2 Stiffness    -0.27778D+02 Numerical deriv    -0.27778D+02
 Row   13 node    7 DOF    1 Stiffness    -0.11709D+03 Numerical deriv    -0.11709D+03
 Row   14 node    7 DOF    2 Stiffness    -0.14957D+02 Numerical deriv    -0.14957D+02
 Row   15 node    8 DOF    1 Stiffness    -0.26068D+02 Numerical deriv    -0.26068D+02
 Row   16 node    8 DOF    2 Stiffness    -0.10684D+02 Numerical deriv    -0.10684D+02

  Column            6  node            3  DOF            2
 Row    1 node    1 DOF    1 Stiffness     0.18697D+02 Numerical deriv     0.18697D+02
 Row    2 node    1 DOF    2 Stiffness     0.44231D+02 Numerical deriv     0.44231D+02
 Row    3 node    2 DOF    1 Stiffness    -0.16026D+01 Numerical deriv    -0.16026D+01
 Row    4 node    2 DOF    2 Stiffness     0.49145D+02 Numerical deriv     0.49145D+02
 Row    5 node    3 DOF    1 Stiffness     0.45406D+02 Numerical deriv     0.45406D+02
 Row    6 node    3 DOF    2 Stiffness     0.10000D+03 Numerical deriv     0.10000D+03
 Row    7 node    4 DOF    1 Stiffness     0.16026D+01 Numerical deriv     0.16026D+01
 Row    8 node    4 DOF    2 Stiffness     0.37393D+02 Numerical deriv     0.37393D+02
 Row    9 node    5 DOF    1 Stiffness    -0.10684D+02 Numerical deriv    -0.10684D+02
 Row   10 node    5 DOF    2 Stiffness    -0.26068D+02 Numerical deriv    -0.26068D+02
 Row   11 node    6 DOF    1 Stiffness    -0.14957D+02 Numerical deriv    -0.14957D+02
 Row   12 node    6 DOF    2 Stiffness    -0.11709D+03 Numerical deriv    -0.11709D+03
 Row   13 node    7 DOF    1 Stiffness    -0.27778D+02 Numerical deriv    -0.27778D+02
 Row   14 node    7 DOF    2 Stiffness    -0.25214D+02 Numerical deriv    -0.25214D+02
 Row   15 node    8 DOF    1 Stiffness    -0.10684D+02 Numerical deriv    -0.10684D+02
 Row   16 node    8 DOF    2 Stiffness    -0.62393D+02 Numerical deriv    -0.62393D+02

  Column            7  node            4  DOF            1
 Row    1 node    1 DOF    1 Stiffness     0.37393D+02 Numerical deriv     0.37393D+02
 Row    2 node    1 DOF    2 Stiffness    -0.16026D+01 Numerical deriv    -0.16026D+01
 Row    3 node    2 DOF    1 Stiffness     0.44231D+02 Numerical deriv     0.44231D+02
 Row    4 node    2 DOF    2 Stiffness    -0.18697D+02 Numerical deriv    -0.18697D+02
 Row    5 node    3 DOF    1 Stiffness     0.49145D+02 Numerical deriv     0.49145D+02
 Row    6 node    3 DOF    2 Stiffness     0.16026D+01 Numerical deriv     0.16026D+01
 Row    7 node    4 DOF    1 Stiffness     0.10000D+03 Numerical deriv     0.10000D+03
 Row    8 node    4 DOF    2 Stiffness    -0.45406D+02 Numerical deriv    -0.45406D+02
 Row    9 node    5 DOF    1 Stiffness    -0.62393D+02 Numerical deriv    -0.62393D+02
 Row   10 node    5 DOF    2 Stiffness     0.10684D+02 Numerical deriv     0.10684D+02
 Row   11 node    6 DOF    1 Stiffness    -0.26068D+02 Numerical deriv    -0.26068D+02
 Row   12 node    6 DOF    2 Stiffness     0.10684D+02 Numerical deriv     0.10684D+02
 Row   13 node    7 DOF    1 Stiffness    -0.11709D+03 Numerical deriv    -0.11709D+03
 Row   14 node    7 DOF    2 Stiffness     0.14957D+02 Numerical deriv     0.14957D+02
 Row   15 node    8 DOF    1 Stiffness    -0.25214D+02 Numerical deriv    -0.25214D+02
 Row   16 node    8 DOF    2 Stiffness     0.27778D+02 Numerical deriv     0.27778D+02

  Column            8  node            4  DOF            2
 Row    1 node    1 DOF    1 Stiffness     0.16026D+01 Numerical deriv     0.16026D+01
 Row    2 node    1 DOF    2 Stiffness     0.49145D+02 Numerical deriv     0.49145D+02
 Row    3 node    2 DOF    1 Stiffness    -0.18697D+02 Numerical deriv    -0.18697D+02
 Row    4 node    2 DOF    2 Stiffness     0.44231D+02 Numerical deriv     0.44231D+02
 Row    5 node    3 DOF    1 Stiffness    -0.16026D+01 Numerical deriv    -0.16026D+01
 Row    6 node    3 DOF    2 Stiffness     0.37393D+02 Numerical deriv     0.37393D+02
 Row    7 node    4 DOF    1 Stiffness    -0.45406D+02 Numerical deriv    -0.45406D+02
 Row    8 node    4 DOF    2 Stiffness     0.10000D+03 Numerical deriv     0.10000D+03
 Row    9 node    5 DOF    1 Stiffness     0.10684D+02 Numerical deriv     0.10684D+02
 Row   10 node    5 DOF    2 Stiffness    -0.26068D+02 Numerical deriv    -0.26068D+02
 Row   11 node    6 DOF    1 Stiffness     0.10684D+02 Numerical deriv     0.10684D+02
 Row   12 node    6 DOF    2 Stiffness    -0.62393D+02 Numerical deriv    -0.62393D+02
 Row   13 node    7 DOF    1 Stiffness     0.27778D+02 Numerical deriv     0.27778D+02
 Row   14 node    7 DOF    2 Stiffness    -0.25214D+02 Numerical deriv    -0.25214D+02
 Row   15 node    8 DOF    1 Stiffness     0.14957D+02 Numerical deriv     0.14957D+02
 Row   16 node    8 DOF    2 Stiffness    -0.11709D+03 Numerical deriv    -0.11709D+03

  Column            9  node            5  DOF            1
 Row    1 node    1 DOF    1 Stiffness    -0.11709D+03 Numerical deriv    -0.11709D+03
 Row    2 node    1 DOF    2 Stiffness    -0.27778D+02 Numerical deriv    -0.27778D+02
 Row    3 node    2 DOF    1 Stiffness    -0.11709D+03 Numerical deriv    -0.11709D+03
 Row    4 node    2 DOF    2 Stiffness     0.27778D+02 Numerical deriv     0.27778D+02
 Row    5 node    3 DOF    1 Stiffness    -0.62393D+02 Numerical deriv    -0.62393D+02
 Row    6 node    3 DOF    2 Stiffness    -0.10684D+02 Numerical deriv    -0.10684D+02
 Row    7 node    4 DOF    1 Stiffness    -0.62393D+02 Numerical deriv    -0.62393D+02
 Row    8 node    4 DOF    2 Stiffness     0.10684D+02 Numerical deriv     0.10684D+02
 Row    9 node    5 DOF    1 Stiffness     0.25983D+03 Numerical deriv     0.25983D+03
 Row   10 node    5 DOF    2 Stiffness    -0.78460D-14 Numerical deriv    -0.79848D-14
 Row   11 node    6 DOF    1 Stiffness     0.40304D-14 Numerical deriv     0.38927D-14
 Row   12 node    6 DOF    2 Stiffness    -0.42735D+02 Numerical deriv    -0.42735D+02
 Row   13 node    7 DOF    1 Stiffness     0.99145D+02 Numerical deriv     0.99145D+02
 Row   14 node    7 DOF    2 Stiffness    -0.20678D-14 Numerical deriv    -0.17841D-14
 Row   15 node    8 DOF    1 Stiffness    -0.24774D-14 Numerical deriv    -0.49200D-14
 Row   16 node    8 DOF    2 Stiffness     0.42735D+02 Numerical deriv     0.42735D+02

  Column           10  node            5  DOF            2
 Row    1 node    1 DOF    1 Stiffness    -0.14957D+02 Numerical deriv    -0.14957D+02
 Row    2 node    1 DOF    2 Stiffness    -0.25214D+02 Numerical deriv    -0.25214D+02
 Row    3 node    2 DOF    1 Stiffness     0.14957D+02 Numerical deriv     0.14957D+02
 Row    4 node    2 DOF    2 Stiffness    -0.25214D+02 Numerical deriv    -0.25214D+02
 Row    5 node    3 DOF    1 Stiffness    -0.10684D+02 Numerical deriv    -0.10684D+02
 Row    6 node    3 DOF    2 Stiffness    -0.26068D+02 Numerical deriv    -0.26068D+02
 Row    7 node    4 DOF    1 Stiffness     0.10684D+02 Numerical deriv     0.10684D+02
 Row    8 node    4 DOF    2 Stiffness    -0.26068D+02 Numerical deriv    -0.26068D+02
 Row    9 node    5 DOF    1 Stiffness    -0.96224D-14 Numerical deriv    -0.78214D-14
 Row   10 node    5 DOF    2 Stiffness     0.14017D+03 Numerical deriv     0.14017D+03
 Row   11 node    6 DOF    1 Stiffness    -0.42735D+02 Numerical deriv    -0.42735D+02
 Row   12 node    6 DOF    2 Stiffness     0.40749D-14 Numerical deriv     0.71355D-14
 Row   13 node    7 DOF    1 Stiffness    -0.28319D-14 Numerical deriv    -0.16898D-14
 Row   14 node    7 DOF    2 Stiffness    -0.37607D+02 Numerical deriv    -0.37607D+02
 Row   15 node    8 DOF    1 Stiffness     0.42735D+02 Numerical deriv     0.42735D+02
 Row   16 node    8 DOF    2 Stiffness    -0.43059D-14 Numerical deriv    -0.28645D-14

  Column           11  node            6  DOF            1
 Row    1 node    1 DOF    1 Stiffness    -0.26068D+02 Numerical deriv    -0.26068D+02
 Row    2 node    1 DOF    2 Stiffness    -0.10684D+02 Numerical deriv    -0.10684D+02
 Row    3 node    2 DOF    1 Stiffness    -0.25214D+02 Numerical deriv    -0.25214D+02
 Row    4 node    2 DOF    2 Stiffness     0.14957D+02 Numerical deriv     0.14957D+02
 Row    5 node    3 DOF    1 Stiffness    -0.25214D+02 Numerical deriv    -0.25214D+02
 Row    6 node    3 DOF    2 Stiffness    -0.14957D+02 Numerical deriv    -0.14957D+02
 Row    7 node    4 DOF    1 Stiffness    -0.26068D+02 Numerical deriv    -0.26068D+02
 Row    8 node    4 DOF    2 Stiffness     0.10684D+02 Numerical deriv     0.10684D+02
 Row    9 node    5 DOF    1 Stiffness     0.58068D-14 Numerical deriv     0.38927D-14
 Row   10 node    5 DOF    2 Stiffness    -0.42735D+02 Numerical deriv    -0.42735D+02
 Row   11 node    6 DOF    1 Stiffness     0.14017D+03 Numerical deriv     0.14017D+03
 Row   12 node    6 DOF    2 Stiffness     0.10051D-13 Numerical deriv     0.80371D-14
 Row   13 node    7 DOF    1 Stiffness     0.77932D-14 Numerical deriv     0.66236D-14
 Row   14 node    7 DOF    2 Stiffness     0.42735D+02 Numerical deriv     0.42735D+02
 Row   15 node    8 DOF    1 Stiffness    -0.37607D+02 Numerical deriv    -0.37607D+02
 Row   16 node    8 DOF    2 Stiffness     0.17974D-14 Numerical deriv     0.22941D-14

  Column           12  node            6  DOF            2
 Row    1 node    1 DOF    1 Stiffness    -0.10684D+02 Numerical deriv    -0.10684D+02
 Row    2 node    1 DOF    2 Stiffness    -0.62393D+02 Numerical deriv    -0.62393D+02
 Row    3 node    2 DOF    1 Stiffness     0.27778D+02 Numerical deriv     0.27778D+02
 Row    4 node    2 DOF    2 Stiffness    -0.11709D+03 Numerical deriv    -0.11709D+03
 Row    5 node    3 DOF    1 Stiffness    -0.27778D+02 Numerical deriv    -0.27778D+02
 Row    6 node    3 DOF    2 Stiffness    -0.11709D+03 Numerical deriv    -0.11709D+03
 Row    7 node    4 DOF    1 Stiffness     0.10684D+02 Numerical deriv     0.10684D+02
 Row    8 node    4 DOF    2 Stiffness    -0.62393D+02 Numerical deriv    -0.62393D+02
 Row    9 node    5 DOF    1 Stiffness    -0.42735D+02 Numerical deriv    -0.42735D+02
 Row   10 node    5 DOF    2 Stiffness     0.89876D-14 Numerical deriv     0.71355D-14
 Row   11 node    6 DOF    1 Stiffness     0.11147D-13 Numerical deriv     0.80371D-14
 Row   12 node    6 DOF    2 Stiffness     0.25983D+03 Numerical deriv     0.25983D+03
 Row   13 node    7 DOF    1 Stiffness     0.42735D+02 Numerical deriv     0.42735D+02
 Row   14 node    7 DOF    2 Stiffness    -0.75582D-14 Numerical deriv    -0.48276D-14
 Row   15 node    8 DOF    1 Stiffness     0.18171D-14 Numerical deriv     0.13297D-14
 Row   16 node    8 DOF    2 Stiffness     0.99145D+02 Numerical deriv     0.99145D+02

  Column           13  node            7  DOF            1
 Row    1 node    1 DOF    1 Stiffness    -0.62393D+02 Numerical deriv    -0.62393D+02
 Row    2 node    1 DOF    2 Stiffness    -0.10684D+02 Numerical deriv    -0.10684D+02
 Row    3 node    2 DOF    1 Stiffness    -0.62393D+02 Numerical deriv    -0.62393D+02
 Row    4 node    2 DOF    2 Stiffness     0.10684D+02 Numerical deriv     0.10684D+02
 Row    5 node    3 DOF    1 Stiffness    -0.11709D+03 Numerical deriv    -0.11709D+03
 Row    6 node    3 DOF    2 Stiffness    -0.27778D+02 Numerical deriv    -0.27778D+02
 Row    7 node    4 DOF    1 Stiffness    -0.11709D+03 Numerical deriv    -0.11709D+03
 Row    8 node    4 DOF    2 Stiffness     0.27778D+02 Numerical deriv     0.27778D+02
 Row    9 node    5 DOF    1 Stiffness     0.99145D+02 Numerical deriv     0.99145D+02
 Row   10 node    5 DOF    2 Stiffness    -0.16038D-14 Numerical deriv    -0.20951D-14
 Row   11 node    6 DOF    1 Stiffness     0.99859D-14 Numerical deriv     0.66236D-14
 Row   12 node    6 DOF    2 Stiffness     0.42735D+02 Numerical deriv     0.42735D+02
 Row   13 node    7 DOF    1 Stiffness     0.25983D+03 Numerical deriv     0.25983D+03
 Row   14 node    7 DOF    2 Stiffness    -0.88532D-14 Numerical deriv    -0.87071D-14
 Row   15 node    8 DOF    1 Stiffness    -0.11912D-13 Numerical deriv    -0.12733D-13
 Row   16 node    8 DOF    2 Stiffness    -0.42735D+02 Numerical deriv    -0.42735D+02

  Column           14  node            7  DOF            2
 Row    1 node    1 DOF    1 Stiffness    -0.10684D+02 Numerical deriv    -0.10684D+02
 Row    2 node    1 DOF    2 Stiffness    -0.26068D+02 Numerical deriv    -0.26068D+02
 Row    3 node    2 DOF    1 Stiffness     0.10684D+02 Numerical deriv     0.10684D+02
 Row    4 node    2 DOF    2 Stiffness    -0.26068D+02 Numerical deriv    -0.26068D+02
 Row    5 node    3 DOF    1 Stiffness    -0.14957D+02 Numerical deriv    -0.14957D+02
 Row    6 node    3 DOF    2 Stiffness    -0.25214D+02 Numerical deriv    -0.25214D+02
 Row    7 node    4 DOF    1 Stiffness     0.14957D+02 Numerical deriv     0.14957D+02
 Row    8 node    4 DOF    2 Stiffness    -0.25214D+02 Numerical deriv    -0.25214D+02
 Row    9 node    5 DOF    1 Stiffness    -0.16237D-14 Numerical deriv    -0.23135D-14
 Row   10 node    5 DOF    2 Stiffness    -0.37607D+02 Numerical deriv    -0.37607D+02
 Row   11 node    6 DOF    1 Stiffness     0.42735D+02 Numerical deriv     0.42735D+02
 Row   12 node    6 DOF    2 Stiffness    -0.45276D-15 Numerical deriv    -0.48276D-14
 Row   13 node    7 DOF    1 Stiffness    -0.88532D-14 Numerical deriv    -0.87071D-14
 Row   14 node    7 DOF    2 Stiffness     0.14017D+03 Numerical deriv     0.14017D+03
 Row   15 node    8 DOF    1 Stiffness    -0.42735D+02 Numerical deriv    -0.42735D+02
 Row   16 node    8 DOF    2 Stiffness    -0.34396D-14 Numerical deriv    -0.45030D-15

  Column           15  node            8  DOF            1
 Row    1 node    1 DOF    1 Stiffness    -0.25214D+02 Numerical deriv    -0.25214D+02
 Row    2 node    1 DOF    2 Stiffness    -0.14957D+02 Numerical deriv    -0.14957D+02
 Row    3 node    2 DOF    1 Stiffness    -0.26068D+02 Numerical deriv    -0.26068D+02
 Row    4 node    2 DOF    2 Stiffness     0.10684D+02 Numerical deriv     0.10684D+02
 Row    5 node    3 DOF    1 Stiffness    -0.26068D+02 Numerical deriv    -0.26068D+02
 Row    6 node    3 DOF    2 Stiffness    -0.10684D+02 Numerical deriv    -0.10684D+02
 Row    7 node    4 DOF    1 Stiffness    -0.25214D+02 Numerical deriv    -0.25214D+02
 Row    8 node    4 DOF    2 Stiffness     0.14957D+02 Numerical deriv     0.14957D+02
 Row    9 node    5 DOF    1 Stiffness    -0.22033D-14 Numerical deriv    -0.49200D-14
 Row   10 node    5 DOF    2 Stiffness     0.42735D+02 Numerical deriv     0.42735D+02
 Row   11 node    6 DOF    1 Stiffness    -0.37607D+02 Numerical deriv    -0.37607D+02
 Row   12 node    6 DOF    2 Stiffness     0.14776D-14 Numerical deriv     0.29179D-14
 Row   13 node    7 DOF    1 Stiffness    -0.11912D-13 Numerical deriv    -0.12733D-13
 Row   14 node    7 DOF    2 Stiffness    -0.42735D+02 Numerical deriv    -0.42735D+02
 Row   15 node    8 DOF    1 Stiffness     0.14017D+03 Numerical deriv     0.14017D+03
 Row   16 node    8 DOF    2 Stiffness     0.62278D-14 Numerical deriv     0.89558D-14

  Column           16  node            8  DOF            2
 Row    1 node    1 DOF    1 Stiffness    -0.27778D+02 Numerical deriv    -0.27778D+02
 Row    2 node    1 DOF    2 Stiffness    -0.11709D+03 Numerical deriv    -0.11709D+03
 Row    3 node    2 DOF    1 Stiffness     0.10684D+02 Numerical deriv     0.10684D+02
 Row    4 node    2 DOF    2 Stiffness    -0.62393D+02 Numerical deriv    -0.62393D+02
 Row    5 node    3 DOF    1 Stiffness    -0.10684D+02 Numerical deriv    -0.10684D+02
 Row    6 node    3 DOF    2 Stiffness    -0.62393D+02 Numerical deriv    -0.62393D+02
 Row    7 node    4 DOF    1 Stiffness     0.27778D+02 Numerical deriv     0.27778D+02
 Row    8 node    4 DOF    2 Stiffness    -0.11709D+03 Numerical deriv    -0.11709D+03
 Row    9 node    5 DOF    1 Stiffness     0.42735D+02 Numerical deriv     0.42735D+02
 Row   10 node    5 DOF    2 Stiffness    -0.43059D-14 Numerical deriv    -0.28645D-14
 Row   11 node    6 DOF    1 Stiffness     0.22415D-14 Numerical deriv     0.22941D-14
 Row   12 node    6 DOF    2 Stiffness     0.99145D+02 Numerical deriv     0.99145D+02
 Row   13 node    7 DOF    1 Stiffness    -0.42735D+02 Numerical deriv    -0.42735D+02
 Row   14 node    7 DOF    2 Stiffness    -0.69923D-14 Numerical deriv    -0.45030D-15
 Row   15 node    8 DOF    1 Stiffness     0.97805D-14 Numerical deriv     0.89558D-14
 Row   16 node    8 DOF    2 Stiffness     0.25983D+03 Numerical deriv     0.25983D+03


 Direct Solver Profiler has completed profile computation 
     Total number of equations         16
     Maximum half bandwidth:           15
     Mean half bandwidth:               8
     RMS half bandwidth:                9
     Size of stiffness matrix:        120


 Direct Solver has completed LU decomposition 
    Conditioning information: 
      Max diagonal in reduced matrix:    0.2598E+03
      Min diagonal in reduced matrix:    0.1000E+01
      Ratio:                             0.2598E+03
      Maximum no. diagonal digits lost:   1


  Newton Raphson iteration       1
  Correction norm               0.203540D+00
  Generalized Force norm        0.109890D+02
  Out of balance force norm     0.439513D-14
  Ratio                         0.392683D-15
  Tolerance                     0.100000D-04


    Step number     1 has completed successfully
    Steps remaining:                           9
    Elapsed time:                     1.0000    
    Time remaining:                   9.0000    
    Time step has been adjusted to:   1.0000    
    Max time step:                    1.0000    
    Min time step:                   0.10000E-02


 Direct Solver has completed LU decomposition 
    Conditioning information: 
      Max diagonal in reduced matrix:    0.4741E+00
      Min diagonal in reduced matrix:    0.7143E-01
      Ratio:                             0.6637E+01
      Maximum no. diagonal digits lost:   0


 Direct Solver has completed LU decomposition 
    Conditioning information: 
      Max diagonal in reduced matrix:    0.2598E+03
      Min diagonal in reduced matrix:    0.1000E+01
      Ratio:                             0.2598E+03
      Maximum no. diagonal digits lost:   1


  Newton Raphson iteration       1
  Correction norm               0.319055D-16
  Generalized Force norm        0.219780D+02
  Out of balance force norm     0.265585D-14
  Ratio                         0.120841D-15
  Tolerance                     0.100000D-04


    Step number     2 has completed successfully
    Steps remaining:                           8
    Elapsed time:                     2.0000    
    Time remaining:                   8.0000    
    Time step has been adjusted to:   1.0000    
    Max time step:                    1.0000    
    Min time step:                   0.10000E-02


 Direct Solver has completed LU decomposition 
    Conditioning information: 
      Max diagonal in reduced matrix:    0.4741E+00
      Min diagonal in reduced matrix:    0.7143E-01
      Ratio:                             0.6637E+01
      Maximum no. diagonal digits lost:   0


 Direct Solver has completed LU decomposition 
    Conditioning information: 
      Max diagonal in reduced matrix:    0.2598E+03
      Min diagonal in reduced matrix:    0.1000E+01
      Ratio:                             0.2598E+03
      Maximum no. diagonal digits lost:   1


  Newton Raphson iteration       1
  Correction norm               0.106902D-15
  Generalized Force norm        0.329670D+02
  Out of balance force norm     0.753941D-14
  Ratio                         0.228695D-15
  Tolerance                     0.100000D-04


    Step number     3 has completed successfully
    Steps remaining:                           7
    Elapsed time:                     3.0000    
    Time remaining:                   7.0000    
    Time step has been adjusted to:   1.0000    
    Max time step:                    1.0000    
    Min time step:                   0.10000E-02


 Direct Solver has completed LU decomposition 
    Conditioning information: 
      Max diagonal in reduced matrix:    0.4741E+00
      Min diagonal in reduced matrix:    0.7143E-01
      Ratio:                             0.6637E+01
      Maximum no. diagonal digits lost:   0


 Direct Solver has completed LU decomposition 
    Conditioning information: 
      Max diagonal in reduced matrix:    0.2598E+03
      Min diagonal in reduced matrix:    0.1000E+01
      Ratio:                             0.2598E+03
      Maximum no. diagonal digits lost:   1


  Newton Raphson iteration       1
  Correction norm               0.203268D-15
  Generalized Force norm        0.439560D+02
  Out of balance force norm     0.574281D-14
  Ratio                         0.130649D-15
  Tolerance                     0.100000D-04


    Step number     4 has completed successfully
    Steps remaining:                           6
    Elapsed time:                     4.0000    
    Time remaining:                   6.0000    
    Time step has been adjusted to:   1.0000    
    Max time step:                    1.0000    
    Min time step:                   0.10000E-02


 Direct Solver has completed LU decomposition 
    Conditioning information: 
      Max diagonal in reduced matrix:    0.4741E+00
      Min diagonal in reduced matrix:    0.7143E-01
      Ratio:                             0.6637E+01
      Maximum no. diagonal digits lost:   0


 Direct Solver has completed LU decomposition 
    Conditioning information: 
      Max diagonal in reduced matrix:    0.2598E+03
      Min diagonal in reduced matrix:    0.1000E+01
      Ratio:                             0.2598E+03
      Maximum no. diagonal digits lost:   1


  Newton Raphson iteration       1
  Correction norm               0.198442D-15
  Generalized Force norm        0.549451D+02
  Out of balance force norm     0.188090D-13
  Ratio                         0.342324D-15
  Tolerance                     0.100000D-04


    Step number     5 has completed successfully
    Steps remaining:                           5
    Elapsed time:                     5.0000    
    Time remaining:                   5.0000    
    Time step has been adjusted to:   1.0000    
    Max time step:                    1.0000    
    Min time step:                   0.10000E-02


 Direct Solver has completed LU decomposition 
    Conditioning information: 
      Max diagonal in reduced matrix:    0.4741E+00
      Min diagonal in reduced matrix:    0.7143E-01
      Ratio:                             0.6637E+01
      Maximum no. diagonal digits lost:   0


 Direct Solver has completed LU decomposition 
    Conditioning information: 
      Max diagonal in reduced matrix:    0.2598E+03
      Min diagonal in reduced matrix:    0.1000E+01
      Ratio:                             0.2598E+03
      Maximum no. diagonal digits lost:   1


  Newton Raphson iteration       1
  Correction norm               0.171186D-15
  Generalized Force norm        0.659341D+02
  Out of balance force norm     0.160314D-13
  Ratio                         0.243142D-15
  Tolerance                     0.100000D-04


    Step number     6 has completed successfully
    Steps remaining:                           4
    Elapsed time:                     6.0000    
    Time remaining:                   4.0000    
    Time step has been adjusted to:   1.0000    
    Max time step:                    1.0000    
    Min time step:                   0.10000E-02


 Direct Solver has completed LU decomposition 
    Conditioning information: 
      Max diagonal in reduced matrix:    0.4741E+00
      Min diagonal in reduced matrix:    0.7143E-01
      Ratio:                             0.6637E+01
      Maximum no. diagonal digits lost:   0


 Direct Solver has completed LU decomposition 
    Conditioning information: 
      Max diagonal in reduced matrix:    0.2598E+03
      Min diagonal in reduced matrix:    0.1000E+01
      Ratio:                             0.2598E+03
      Maximum no. diagonal digits lost:   1


  Newton Raphson iteration       1
  Correction norm               0.200912D-15
  Generalized Force norm        0.769231D+02
  Out of balance force norm     0.838852D-14
  Ratio                         0.109051D-15
  Tolerance                     0.100000D-04


    Step number     7 has completed successfully
    Steps remaining:                           3
    Elapsed time:                     7.0000    
    Time remaining:                   3.0000    
    Time step has been adjusted to:   1.0000    
    Max time step:                    1.0000    
    Min time step:                   0.10000E-02


 Direct Solver has completed LU decomposition 
    Conditioning information: 
      Max diagonal in reduced matrix:    0.4741E+00
      Min diagonal in reduced matrix:    0.7143E-01
      Ratio:                             0.6637E+01
      Maximum no. diagonal digits lost:   0


 Direct Solver has completed LU decomposition 
    Conditioning information: 
      Max diagonal in reduced matrix:    0.2598E+03
      Min diagonal in reduced matrix:    0.1000E+01
      Ratio:                             0.2598E+03
      Maximum no. diagonal digits lost:   1


  Newton Raphson iteration       1
  Correction norm               0.251202D-15
  Generalized Force norm        0.879121D+02
  Out of balance force norm     0.744447D-14
  Ratio                         0.846808D-16
  Tolerance                     0.100000D-04


    Step number     8 has completed successfully
    Steps remaining:                           2
    Elapsed time:                     8.0000    
    Time remaining:                   2.0000    
    Time step has been adjusted to:   1.0000    
    Max time step:                    1.0000    
    Min time step:                   0.10000E-02


 Direct Solver has completed LU decomposition 
    Conditioning information: 
      Max diagonal in reduced matrix:    0.4741E+00
      Min diagonal in reduced matrix:    0.7143E-01
      Ratio:                             0.6637E+01
      Maximum no. diagonal digits lost:   0


 Direct Solver has completed LU decomposition 
    Conditioning information: 
      Max diagonal in reduced matrix:    0.2598E+03
      Min diagonal in reduced matrix:    0.1000E+01
      Ratio:                             0.2598E+03
      Maximum no. diagonal digits lost:   1


  Newton Raphson iteration       1
  Correction norm               0.221046D-15
  Generalized Force norm        0.989011D+02
  Out of balance force norm     0.167861D-13
  Ratio                         0.169726D-15
  Tolerance                     0.100000D-04


    Step number     9 has completed successfully
    Steps remaining:                           1
    Elapsed time:                     9.0000    
    Time remaining:                   1.0000    
    Time step has been adjusted to:   1.0000    
    Max time step:                    1.0000    
    Min time step:                   0.10000E-02


 Direct Solver has completed LU decomposition 
    Conditioning information: 
      Max diagonal in reduced matrix:    0.4741E+00
      Min diagonal in reduced matrix:    0.7143E-01
      Ratio:                             0.6637E+01
      Maximum no. diagonal digits lost:   0


 Direct Solver has completed LU decomposition 
    Conditioning information: 
      Max diagonal in reduced matrix:    0.2598E+03
      Min diagonal in reduced matrix:    0.1000E+01
      Ratio:                             0.2598E+03
      Maximum no. diagonal digits lost:   1


  Newton Raphson iteration       1
  Correction norm               0.190784D-15
  Generalized Force norm        0.109890D+03
  Out of balance force norm     0.129742D-13
  Ratio                         0.118065D-15
  Tolerance                     0.100000D-04


    Step number    10 has completed successfully
    Steps remaining:                           0
    Elapsed time:                     10.000    
    Time remaining:                   0.0000    
    Time step has been adjusted to:   0.0000    
    Max time step:                    1.0000    
    Min time step:                   0.10000E-02


 Direct Solver has completed LU decomposition 
    Conditioning information: 
      Max diagonal in reduced matrix:    0.4741E+00
      Min diagonal in reduced matrix:    0.7143E-01
      Ratio:                             0.6637E+01
      Maximum no. diagonal digits lost:   0
  
  
  ===================== STIFFNESS CHECK ============================

 Testing ABAQUS UEL with flag U     1

  Column            1  node            1  DOF            1
 Row    1 node    1 DOF    1 Stiffness     0.10000D+03 Numerical deriv     0.10000D+03
 Row    2 node    1 DOF    2 Stiffness     0.45406D+02 Numerical deriv     0.45406D+02
 Row    3 node    2 DOF    1 Stiffness     0.49145D+02 Numerical deriv     0.49145D+02
 Row    4 node    2 DOF    2 Stiffness    -0.16026D+01 Numerical deriv    -0.16026D+01
 Row    5 node    3 DOF    1 Stiffness     0.44231D+02 Numerical deriv     0.44231D+02
 Row    6 node    3 DOF    2 Stiffness     0.18697D+02 Numerical deriv     0.18697D+02
 Row    7 node    4 DOF    1 Stiffness     0.37393D+02 Numerical deriv     0.37393D+02
 Row    8 node    4 DOF    2 Stiffness     0.16026D+01 Numerical deriv     0.16026D+01
 Row    9 node    5 DOF    1 Stiffness    -0.11709D+03 Numerical deriv    -0.11709D+03
 Row   10 node    5 DOF    2 Stiffness    -0.14957D+02 Numerical deriv    -0.14957D+02
 Row   11 node    6 DOF    1 Stiffness    -0.26068D+02 Numerical deriv    -0.26068D+02
 Row   12 node    6 DOF    2 Stiffness    -0.10684D+02 Numerical deriv    -0.10684D+02
 Row   13 node    7 DOF    1 Stiffness    -0.62393D+02 Numerical deriv    -0.62393D+02
 Row   14 node    7 DOF    2 Stiffness    -0.10684D+02 Numerical deriv    -0.10684D+02
 Row   15 node    8 DOF    1 Stiffness    -0.25214D+02 Numerical deriv    -0.25214D+02
 Row   16 node    8 DOF    2 Stiffness    -0.27778D+02 Numerical deriv    -0.27778D+02

  Column            2  node            1  DOF            2
 Row    1 node    1 DOF    1 Stiffness     0.45406D+02 Numerical deriv     0.45406D+02
 Row    2 node    1 DOF    2 Stiffness     0.10000D+03 Numerical deriv     0.10000D+03
 Row    3 node    2 DOF    1 Stiffness     0.16026D+01 Numerical deriv     0.16026D+01
 Row    4 node    2 DOF    2 Stiffness     0.37393D+02 Numerical deriv     0.37393D+02
 Row    5 node    3 DOF    1 Stiffness     0.18697D+02 Numerical deriv     0.18697D+02
 Row    6 node    3 DOF    2 Stiffness     0.44231D+02 Numerical deriv     0.44231D+02
 Row    7 node    4 DOF    1 Stiffness    -0.16026D+01 Numerical deriv    -0.16026D+01
 Row    8 node    4 DOF    2 Stiffness     0.49145D+02 Numerical deriv     0.49145D+02
 Row    9 node    5 DOF    1 Stiffness    -0.27778D+02 Numerical deriv    -0.27778D+02
 Row   10 node    5 DOF    2 Stiffness    -0.25214D+02 Numerical deriv    -0.25214D+02
 Row   11 node    6 DOF    1 Stiffness    -0.10684D+02 Numerical deriv    -0.10684D+02
 Row   12 node    6 DOF    2 Stiffness    -0.62393D+02 Numerical deriv    -0.62393D+02
 Row   13 node    7 DOF    1 Stiffness    -0.10684D+02 Numerical deriv    -0.10684D+02
 Row   14 node    7 DOF    2 Stiffness    -0.26068D+02 Numerical deriv    -0.26068D+02
 Row   15 node    8 DOF    1 Stiffness    -0.14957D+02 Numerical deriv    -0.14957D+02
 Row   16 node    8 DOF    2 Stiffness    -0.11709D+03 Numerical deriv    -0.11709D+03

  Column            3  node            2  DOF            1
 Row    1 node    1 DOF    1 Stiffness     0.49145D+02 Numerical deriv     0.49145D+02
 Row    2 node    1 DOF    2 Stiffness     0.16026D+01 Numerical deriv     0.16026D+01
 Row    3 node    2 DOF    1 Stiffness     0.10000D+03 Numerical deriv     0.10000D+03
 Row    4 node    2 DOF    2 Stiffness    -0.45406D+02 Numerical deriv    -0.45406D+02
 Row    5 node    3 DOF    1 Stiffness     0.37393D+02 Numerical deriv     0.37393D+02
 Row    6 node    3 DOF    2 Stiffness    -0.16026D+01 Numerical deriv    -0.16026D+01
 Row    7 node    4 DOF    1 Stiffness     0.44231D+02 Numerical deriv     0.44231D+02
 Row    8 node    4 DOF    2 Stiffness    -0.18697D+02 Numerical deriv    -0.18697D+02
 Row    9 node    5 DOF    1 Stiffness    -0.11709D+03 Numerical deriv    -0.11709D+03
 Row   10 node    5 DOF    2 Stiffness     0.14957D+02 Numerical deriv     0.14957D+02
 Row   11 node    6 DOF    1 Stiffness    -0.25214D+02 Numerical deriv    -0.25214D+02
 Row   12 node    6 DOF    2 Stiffness     0.27778D+02 Numerical deriv     0.27778D+02
 Row   13 node    7 DOF    1 Stiffness    -0.62393D+02 Numerical deriv    -0.62393D+02
 Row   14 node    7 DOF    2 Stiffness     0.10684D+02 Numerical deriv     0.10684D+02
 Row   15 node    8 DOF    1 Stiffness    -0.26068D+02 Numerical deriv    -0.26068D+02
 Row   16 node    8 DOF    2 Stiffness     0.10684D+02 Numerical deriv     0.10684D+02

  Column            4  node            2  DOF            2
 Row    1 node    1 DOF    1 Stiffness    -0.16026D+01 Numerical deriv    -0.16026D+01
 Row    2 node    1 DOF    2 Stiffness     0.37393D+02 Numerical deriv     0.37393D+02
 Row    3 node    2 DOF    1 Stiffness    -0.45406D+02 Numerical deriv    -0.45406D+02
 Row    4 node    2 DOF    2 Stiffness     0.10000D+03 Numerical deriv     0.10000D+03
 Row    5 node    3 DOF    1 Stiffness     0.16026D+01 Numerical deriv     0.16026D+01
 Row    6 node    3 DOF    2 Stiffness     0.49145D+02 Numerical deriv     0.49145D+02
 Row    7 node    4 DOF    1 Stiffness    -0.18697D+02 Numerical deriv    -0.18697D+02
 Row    8 node    4 DOF    2 Stiffness     0.44231D+02 Numerical deriv     0.44231D+02
 Row    9 node    5 DOF    1 Stiffness     0.27778D+02 Numerical deriv     0.27778D+02
 Row   10 node    5 DOF    2 Stiffness    -0.25214D+02 Numerical deriv    -0.25214D+02
 Row   11 node    6 DOF    1 Stiffness     0.14957D+02 Numerical deriv     0.14957D+02
 Row   12 node    6 DOF    2 Stiffness    -0.11709D+03 Numerical deriv    -0.11709D+03
 Row   13 node    7 DOF    1 Stiffness     0.10684D+02 Numerical deriv     0.10684D+02
 Row   14 node    7 DOF    2 Stiffness    -0.26068D+02 Numerical deriv    -0.26068D+02
 Row   15 node    8 DOF    1 Stiffness     0.10684D+02 Numerical deriv     0.10684D+02
 Row   16 node    8 DOF    2 Stiffness    -0.62393D+02 Numerical deriv    -0.62393D+02

  Column            5  node            3  DOF            1
 Row    1 node    1 DOF    1 Stiffness     0.44231D+02 Numerical deriv     0.44231D+02
 Row    2 node    1 DOF    2 Stiffness     0.18697D+02 Numerical deriv     0.18697D+02
 Row    3 node    2 DOF    1 Stiffness     0.37393D+02 Numerical deriv     0.37393D+02
 Row    4 node    2 DOF    2 Stiffness     0.16026D+01 Numerical deriv     0.16026D+01
 Row    5 node    3 DOF    1 Stiffness     0.10000D+03 Numerical deriv     0.10000D+03
 Row    6 node    3 DOF    2 Stiffness     0.45406D+02 Numerical deriv     0.45406D+02
 Row    7 node    4 DOF    1 Stiffness     0.49145D+02 Numerical deriv     0.49145D+02
 Row    8 node    4 DOF    2 Stiffness    -0.16026D+01 Numerical deriv    -0.16026D+01
 Row    9 node    5 DOF    1 Stiffness    -0.62393D+02 Numerical deriv    -0.62393D+02
 Row   10 node    5 DOF    2 Stiffness    -0.10684D+02 Numerical deriv    -0.10684D+02
 Row   11 node    6 DOF    1 Stiffness    -0.25214D+02 Numerical deriv    -0.25214D+02
 Row   12 node    6 DOF    2 Stiffness    -0.27778D+02 Numerical deriv    -0.27778D+02
 Row   13 node    7 DOF    1 Stiffness    -0.11709D+03 Numerical deriv    -0.11709D+03
 Row   14 node    7 DOF    2 Stiffness    -0.14957D+02 Numerical deriv    -0.14957D+02
 Row   15 node    8 DOF    1 Stiffness    -0.26068D+02 Numerical deriv    -0.26068D+02
 Row   16 node    8 DOF    2 Stiffness    -0.10684D+02 Numerical deriv    -0.10684D+02

  Column            6  node            3  DOF            2
 Row    1 node    1 DOF    1 Stiffness     0.18697D+02 Numerical deriv     0.18697D+02
 Row    2 node    1 DOF    2 Stiffness     0.44231D+02 Numerical deriv     0.44231D+02
 Row    3 node    2 DOF    1 Stiffness    -0.16026D+01 Numerical deriv    -0.16026D+01
 Row    4 node    2 DOF    2 Stiffness     0.49145D+02 Numerical deriv     0.49145D+02
 Row    5 node    3 DOF    1 Stiffness     0.45406D+02 Numerical deriv     0.45406D+02
 Row    6 node    3 DOF    2 Stiffness     0.10000D+03 Numerical deriv     0.10000D+03
 Row    7 node    4 DOF    1 Stiffness     0.16026D+01 Numerical deriv     0.16026D+01
 Row    8 node    4 DOF    2 Stiffness     0.37393D+02 Numerical deriv     0.37393D+02
 Row    9 node    5 DOF    1 Stiffness    -0.10684D+02 Numerical deriv    -0.10684D+02
 Row   10 node    5 DOF    2 Stiffness    -0.26068D+02 Numerical deriv    -0.26068D+02
 Row   11 node    6 DOF    1 Stiffness    -0.14957D+02 Numerical deriv    -0.14957D+02
 Row   12 node    6 DOF    2 Stiffness    -0.11709D+03 Numerical deriv    -0.11709D+03
 Row   13 node    7 DOF    1 Stiffness    -0.27778D+02 Numerical deriv    -0.27778D+02
 Row   14 node    7 DOF    2 Stiffness    -0.25214D+02 Numerical deriv    -0.25214D+02
 Row   15 node    8 DOF    1 Stiffness    -0.10684D+02 Numerical deriv    -0.10684D+02
 Row   16 node    8 DOF    2 Stiffness    -0.62393D+02 Numerical deriv    -0.62393D+02

  Column            7  node            4  DOF            1
 Row    1 node    1 DOF    1 Stiffness     0.37393D+02 Numerical deriv     0.37393D+02
 Row    2 node    1 DOF    2 Stiffness    -0.16026D+01 Numerical deriv    -0.16026D+01
 Row    3 node    2 DOF    1 Stiffness     0.44231D+02 Numerical deriv     0.44231D+02
 Row    4 node    2 DOF    2 Stiffness    -0.18697D+02 Numerical deriv    -0.18697D+02
 Row    5 node    3 DOF    1 Stiffness     0.49145D+02 Numerical deriv     0.49145D+02
 Row    6 node    3 DOF    2 Stiffness     0.16026D+01 Numerical deriv     0.16026D+01
 Row    7 node    4 DOF    1 Stiffness     0.10000D+03 Numerical deriv     0.10000D+03
 Row    8 node    4 DOF    2 Stiffness    -0.45406D+02 Numerical deriv    -0.45406D+02
 Row    9 node    5 DOF    1 Stiffness    -0.62393D+02 Numerical deriv    -0.62393D+02
 Row   10 node    5 DOF    2 Stiffness     0.10684D+02 Numerical deriv     0.10684D+02
 Row   11 node    6 DOF    1 Stiffness    -0.26068D+02 Numerical deriv    -0.26068D+02
 Row   12 node    6 DOF    2 Stiffness     0.10684D+02 Numerical deriv     0.10684D+02
 Row   13 node    7 DOF    1 Stiffness    -0.11709D+03 Numerical deriv    -0.11709D+03
 Row   14 node    7 DOF    2 Stiffness     0.14957D+02 Numerical deriv     0.14957D+02
 Row   15 node    8 DOF    1 Stiffness    -0.25214D+02 Numerical deriv    -0.25214D+02
 Row   16 node    8 DOF    2 Stiffness     0.27778D+02 Numerical deriv     0.27778D+02

  Column            8  node            4  DOF            2
 Row    1 node    1 DOF    1 Stiffness     0.16026D+01 Numerical deriv     0.16026D+01
 Row    2 node    1 DOF    2 Stiffness     0.49145D+02 Numerical deriv     0.49145D+02
 Row    3 node    2 DOF    1 Stiffness    -0.18697D+02 Numerical deriv    -0.18697D+02
 Row    4 node    2 DOF    2 Stiffness     0.44231D+02 Numerical deriv     0.44231D+02
 Row    5 node    3 DOF    1 Stiffness    -0.16026D+01 Numerical deriv    -0.16026D+01
 Row    6 node    3 DOF    2 Stiffness     0.37393D+02 Numerical deriv     0.37393D+02
 Row    7 node    4 DOF    1 Stiffness    -0.45406D+02 Numerical deriv    -0.45406D+02
 Row    8 node    4 DOF    2 Stiffness     0.10000D+03 Numerical deriv     0.10000D+03
 Row    9 node    5 DOF    1 Stiffness     0.10684D+02 Numerical deriv     0.10684D+02
 Row   10 node    5 DOF    2 Stiffness    -0.26068D+02 Numerical deriv    -0.26068D+02
 Row   11 node    6 DOF    1 Stiffness     0.10684D+02 Numerical deriv     0.10684D+02
 Row   12 node    6 DOF    2 Stiffness    -0.62393D+02 Numerical deriv    -0.62393D+02
 Row   13 node    7 DOF    1 Stiffness     0.27778D+02 Numerical deriv     0.27778D+02
 Row   14 node    7 DOF    2 Stiffness    -0.25214D+02 Numerical deriv    -0.25214D+02
 Row   15 node    8 DOF    1 Stiffness     0.14957D+02 Numerical deriv     0.14957D+02
 Row   16 node    8 DOF    2 Stiffness    -0.11709D+03 Numerical deriv    -0.11709D+03

  Column            9  node            5  DOF            1
 Row    1 node    1 DOF    1 Stiffness    -0.11709D+03 Numerical deriv    -0.11709D+03
 Row    2 node    1 DOF    2 Stiffness    -0.27778D+02 Numerical deriv    -0.27778D+02
 Row    3 node    2 DOF    1 Stiffness    -0.11709D+03 Numerical deriv    -0.11709D+03
 Row    4 node    2 DOF    2 Stiffness     0.27778D+02 Numerical deriv     0.27778D+02
 Row    5 node    3 DOF    1 Stiffness    -0.62393D+02 Numerical deriv    -0.62393D+02
 Row    6 node    3 DOF    2 Stiffness    -0.10684D+02 Numerical deriv    -0.10684D+02
 Row    7 node    4 DOF    1 Stiffness    -0.62393D+02 Numerical deriv    -0.62393D+02
 Row    8 node    4 DOF    2 Stiffness     0.10684D+02 Numerical deriv     0.10684D+02
 Row    9 node    5 DOF    1 Stiffness     0.25983D+03 Numerical deriv     0.25983D+03
 Row   10 node    5 DOF    2 Stiffness    -0.78460D-14 Numerical deriv    -0.19408D-07
 Row   11 node    6 DOF    1 Stiffness     0.40304D-14 Numerical deriv    -0.14211D-06
 Row   12 node    6 DOF    2 Stiffness    -0.42735D+02 Numerical deriv    -0.42735D+02
 Row   13 node    7 DOF    1 Stiffness     0.99145D+02 Numerical deriv     0.99145D+02
 Row   14 node    7 DOF    2 Stiffness    -0.20678D-14 Numerical deriv    -0.22447D-07
 Row   15 node    8 DOF    1 Stiffness    -0.24774D-14 Numerical deriv     0.14211D-06
 Row   16 node    8 DOF    2 Stiffness     0.42735D+02 Numerical deriv     0.42735D+02

  Column           10  node            5  DOF            2
 Row    1 node    1 DOF    1 Stiffness    -0.14957D+02 Numerical deriv    -0.14957D+02
 Row    2 node    1 DOF    2 Stiffness    -0.25214D+02 Numerical deriv    -0.25214D+02
 Row    3 node    2 DOF    1 Stiffness     0.14957D+02 Numerical deriv     0.14957D+02
 Row    4 node    2 DOF    2 Stiffness    -0.25214D+02 Numerical deriv    -0.25214D+02
 Row    5 node    3 DOF    1 Stiffness    -0.10684D+02 Numerical deriv    -0.10684D+02
 Row    6 node    3 DOF    2 Stiffness    -0.26068D+02 Numerical deriv    -0.26068D+02
 Row    7 node    4 DOF    1 Stiffness     0.10684D+02 Numerical deriv     0.10684D+02
 Row    8 node    4 DOF    2 Stiffness    -0.26068D+02 Numerical deriv    -0.26068D+02
 Row    9 node    5 DOF    1 Stiffness    -0.96224D-14 Numerical deriv    -0.51317D-07
 Row   10 node    5 DOF    2 Stiffness     0.14017D+03 Numerical deriv     0.14017D+03
 Row   11 node    6 DOF    1 Stiffness    -0.42735D+02 Numerical deriv    -0.42735D+02
 Row   12 node    6 DOF    2 Stiffness     0.40749D-14 Numerical deriv     0.27261D-07
 Row   13 node    7 DOF    1 Stiffness    -0.28319D-14 Numerical deriv    -0.48225D-08
 Row   14 node    7 DOF    2 Stiffness    -0.37607D+02 Numerical deriv    -0.37607D+02
 Row   15 node    8 DOF    1 Stiffness     0.42735D+02 Numerical deriv     0.42735D+02
 Row   16 node    8 DOF    2 Stiffness    -0.43059D-14 Numerical deriv     0.29890D-07

  Column           11  node            6  DOF            1
 Row    1 node    1 DOF    1 Stiffness    -0.26068D+02 Numerical deriv    -0.26068D+02
 Row    2 node    1 DOF    2 Stiffness    -0.10684D+02 Numerical deriv    -0.10684D+02
 Row    3 node    2 DOF    1 Stiffness    -0.25214D+02 Numerical deriv    -0.25214D+02
 Row    4 node    2 DOF    2 Stiffness     0.14957D+02 Numerical deriv     0.14957D+02
 Row    5 node    3 DOF    1 Stiffness    -0.25214D+02 Numerical deriv    -0.25214D+02
 Row    6 node    3 DOF    2 Stiffness    -0.14957D+02 Numerical deriv    -0.14957D+02
 Row    7 node    4 DOF    1 Stiffness    -0.26068D+02 Numerical deriv    -0.26068D+02
 Row    8 node    4 DOF    2 Stiffness     0.10684D+02 Numerical deriv     0.10684D+02
 Row    9 node    5 DOF    1 Stiffness     0.58068D-14 Numerical deriv    -0.57896D-07
 Row   10 node    5 DOF    2 Stiffness    -0.42735D+02 Numerical deriv    -0.42735D+02
 Row   11 node    6 DOF    1 Stiffness     0.14017D+03 Numerical deriv     0.14017D+03
 Row   12 node    6 DOF    2 Stiffness     0.10051D-13 Numerical deriv    -0.31700D-08
 Row   13 node    7 DOF    1 Stiffness     0.77932D-14 Numerical deriv     0.72373D-07
 Row   14 node    7 DOF    2 Stiffness     0.42735D+02 Numerical deriv     0.42735D+02
 Row   15 node    8 DOF    1 Stiffness    -0.37607D+02 Numerical deriv    -0.37607D+02
 Row   16 node    8 DOF    2 Stiffness     0.17974D-14 Numerical deriv    -0.30804D-07

  Column           12  node            6  DOF            2
 Row    1 node    1 DOF    1 Stiffness    -0.10684D+02 Numerical deriv    -0.10684D+02
 Row    2 node    1 DOF    2 Stiffness    -0.62393D+02 Numerical deriv    -0.62393D+02
 Row    3 node    2 DOF    1 Stiffness     0.27778D+02 Numerical deriv     0.27778D+02
 Row    4 node    2 DOF    2 Stiffness    -0.11709D+03 Numerical deriv    -0.11709D+03
 Row    5 node    3 DOF    1 Stiffness    -0.27778D+02 Numerical deriv    -0.27778D+02
 Row    6 node    3 DOF    2 Stiffness    -0.11709D+03 Numerical deriv    -0.11709D+03
 Row    7 node    4 DOF    1 Stiffness     0.10684D+02 Numerical deriv     0.10684D+02
 Row    8 node    4 DOF    2 Stiffness    -0.62393D+02 Numerical deriv    -0.62393D+02
 Row    9 node    5 DOF    1 Stiffness    -0.42735D+02 Numerical deriv    -0.42735D+02
 Row   10 node    5 DOF    2 Stiffness     0.89876D-14 Numerical deriv     0.33238D-08
 Row   11 node    6 DOF    1 Stiffness     0.11147D-13 Numerical deriv    -0.14211D-06
 Row   12 node    6 DOF    2 Stiffness     0.25983D+03 Numerical deriv     0.25983D+03
 Row   13 node    7 DOF    1 Stiffness     0.42735D+02 Numerical deriv     0.42735D+02
 Row   14 node    7 DOF    2 Stiffness    -0.75582D-14 Numerical deriv    -0.17105D-07
 Row   15 node    8 DOF    1 Stiffness     0.18171D-14 Numerical deriv    -0.00000D+00
 Row   16 node    8 DOF    2 Stiffness     0.99145D+02 Numerical deriv     0.99145D+02

  Column           13  node            7  DOF            1
 Row    1 node    1 DOF    1 Stiffness    -0.62393D+02 Numerical deriv    -0.62393D+02
 Row    2 node    1 DOF    2 Stiffness    -0.10684D+02 Numerical deriv    -0.10684D+02
 Row    3 node    2 DOF    1 Stiffness    -0.62393D+02 Numerical deriv    -0.62393D+02
 Row    4 node    2 DOF    2 Stiffness     0.10684D+02 Numerical deriv     0.10684D+02
 Row    5 node    3 DOF    1 Stiffness    -0.11709D+03 Numerical deriv    -0.11709D+03
 Row    6 node    3 DOF    2 Stiffness    -0.27778D+02 Numerical deriv    -0.27778D+02
 Row    7 node    4 DOF    1 Stiffness    -0.11709D+03 Numerical deriv    -0.11709D+03
 Row    8 node    4 DOF    2 Stiffness     0.27778D+02 Numerical deriv     0.27778D+02
 Row    9 node    5 DOF    1 Stiffness     0.99145D+02 Numerical deriv     0.99145D+02
 Row   10 node    5 DOF    2 Stiffness    -0.16038D-14 Numerical deriv     0.93777D-15
 Row   11 node    6 DOF    1 Stiffness     0.99859D-14 Numerical deriv    -0.00000D+00
 Row   12 node    6 DOF    2 Stiffness     0.42735D+02 Numerical deriv     0.42735D+02
 Row   13 node    7 DOF    1 Stiffness     0.25983D+03 Numerical deriv     0.25983D+03
 Row   14 node    7 DOF    2 Stiffness    -0.88532D-14 Numerical deriv    -0.58208D-14
 Row   15 node    8 DOF    1 Stiffness    -0.11912D-13 Numerical deriv    -0.00000D+00
 Row   16 node    8 DOF    2 Stiffness    -0.42735D+02 Numerical deriv    -0.42735D+02

  Column           14  node            7  DOF            2
 Row    1 node    1 DOF    1 Stiffness    -0.10684D+02 Numerical deriv    -0.10684D+02
 Row    2 node    1 DOF    2 Stiffness    -0.26068D+02 Numerical deriv    -0.26068D+02
 Row    3 node    2 DOF    1 Stiffness     0.10684D+02 Numerical deriv     0.10684D+02
 Row    4 node    2 DOF    2 Stiffness    -0.26068D+02 Numerical deriv    -0.26068D+02
 Row    5 node    3 DOF    1 Stiffness    -0.14957D+02 Numerical deriv    -0.14957D+02
 Row    6 node    3 DOF    2 Stiffness    -0.25214D+02 Numerical deriv    -0.25214D+02
 Row    7 node    4 DOF    1 Stiffness     0.14957D+02 Numerical deriv     0.14957D+02
 Row    8 node    4 DOF    2 Stiffness    -0.25214D+02 Numerical deriv    -0.25214D+02
 Row    9 node    5 DOF    1 Stiffness    -0.16237D-14 Numerical deriv    -0.71000D-07
 Row   10 node    5 DOF    2 Stiffness    -0.37607D+02 Numerical deriv    -0.37607D+02
 Row   11 node    6 DOF    1 Stiffness     0.42735D+02 Numerical deriv     0.42735D+02
 Row   12 node    6 DOF    2 Stiffness    -0.45276D-15 Numerical deriv    -0.15571D-07
 Row   13 node    7 DOF    1 Stiffness    -0.88532D-14 Numerical deriv     0.11397D-07
 Row   14 node    7 DOF    2 Stiffness     0.14017D+03 Numerical deriv     0.14017D+03
 Row   15 node    8 DOF    1 Stiffness    -0.42735D+02 Numerical deriv    -0.42735D+02
 Row   16 node    8 DOF    2 Stiffness    -0.34396D-14 Numerical deriv     0.26270D-07

  Column           15  node            8  DOF            1
 Row    1 node    1 DOF    1 Stiffness    -0.25214D+02 Numerical deriv    -0.25214D+02
 Row    2 node    1 DOF    2 Stiffness    -0.14957D+02 Numerical deriv    -0.14957D+02
 Row    3 node    2 DOF    1 Stiffness    -0.26068D+02 Numerical deriv    -0.26068D+02
 Row    4 node    2 DOF    2 Stiffness     0.10684D+02 Numerical deriv     0.10684D+02
 Row    5 node    3 DOF    1 Stiffness    -0.26068D+02 Numerical deriv    -0.26068D+02
 Row    6 node    3 DOF    2 Stiffness    -0.10684D+02 Numerical deriv    -0.10684D+02
 Row    7 node    4 DOF    1 Stiffness    -0.25214D+02 Numerical deriv    -0.25214D+02
 Row    8 node    4 DOF    2 Stiffness     0.14957D+02 Numerical deriv     0.14957D+02
 Row    9 node    5 DOF    1 Stiffness    -0.22033D-14 Numerical deriv     0.64365D-07
 Row   10 node    5 DOF    2 Stiffness     0.42735D+02 Numerical deriv     0.42735D+02
 Row   11 node    6 DOF    1 Stiffness    -0.37607D+02 Numerical deriv    -0.37607D+02
 Row   12 node    6 DOF    2 Stiffness     0.14776D-14 Numerical deriv     0.16761D-14
 Row   13 node    7 DOF    1 Stiffness    -0.11912D-13 Numerical deriv     0.11184D-06
 Row   14 node    7 DOF    2 Stiffness    -0.42735D+02 Numerical deriv    -0.42735D+02
 Row   15 node    8 DOF    1 Stiffness     0.14017D+03 Numerical deriv     0.14017D+03
 Row   16 node    8 DOF    2 Stiffness     0.62278D-14 Numerical deriv     0.67716D-14

  Column           16  node            8  DOF            2
 Row    1 node    1 DOF    1 Stiffness    -0.27778D+02 Numerical deriv    -0.27778D+02
 Row    2 node    1 DOF    2 Stiffness    -0.11709D+03 Numerical deriv    -0.11709D+03
 Row    3 node    2 DOF    1 Stiffness     0.10684D+02 Numerical deriv     0.10684D+02
 Row    4 node    2 DOF    2 Stiffness    -0.62393D+02 Numerical deriv    -0.62393D+02
 Row    5 node    3 DOF    1 Stiffness    -0.10684D+02 Numerical deriv    -0.10684D+02
 Row    6 node    3 DOF    2 Stiffness    -0.62393D+02 Numerical deriv    -0.62393D+02
 Row    7 node    4 DOF    1 Stiffness     0.27778D+02 Numerical deriv     0.27778D+02
 Row    8 node    4 DOF    2 Stiffness    -0.11709D+03 Numerical deriv    -0.11709D+03
 Row    9 node    5 DOF    1 Stiffness     0.42735D+02 Numerical deriv     0.42735D+02
 Row   10 node    5 DOF    2 Stiffness    -0.43059D-14 Numerical deriv     0.23088D-08
 Row   11 node    6 DOF    1 Stiffness     0.22415D-14 Numerical deriv    -0.00000D+00
 Row   12 node    6 DOF    2 Stiffness     0.99145D+02 Numerical deriv     0.99145D+02
 Row   13 node    7 DOF    1 Stiffness    -0.42735D+02 Numerical deriv    -0.42735D+02
 Row   14 node    7 DOF    2 Stiffness    -0.69923D-14 Numerical deriv    -0.23081D-08
 Row   15 node    8 DOF    1 Stiffness     0.97805D-14 Numerical deriv     0.14211D-06
 Row   16 node    8 DOF    2 Stiffness     0.25983D+03 Numerical deriv     0.25983D+03
