

 The input file has been read successfully 
 Number of elements:             3075
 Number of nodes:                4104
 Number of constraints:             0
 Total no. degrees of freedom:  12312


 Direct Solver Profiler has completed profile computation 
     Total number of equations      12312
     Maximum half bandwidth:          596
     Mean half bandwidth:             375
     RMS half bandwidth:              390
     Size of stiffness matrix:    4613967


 Direct Solver has completed LU decomposition 
    Conditioning information: 
      Max diagonal in reduced matrix:    0.4469E+02
      Min diagonal in reduced matrix:    0.4807E+00
      Ratio:                             0.9297E+02
      Maximum no. diagonal digits lost:   1


  Newton Raphson iteration       1
  Correction norm               0.390503D+00
  Generalized Force norm        0.569785D-01
  Out of balance force norm     0.157101D-13
  Ratio                         0.351077D-13
  Tolerance                     0.100000D-07


    Step number     1 has completed successfully
    Steps remaining:                           2
    Elapsed time:                     1.0000    
    Time remaining:                   9.0000    
    Time step has been adjusted to:   1.0000    
    Max time step:                    1.0000    
    Min time step:                   0.10000E-02


 Direct Solver has completed LU decomposition 
    Conditioning information: 
      Max diagonal in reduced matrix:    0.3471E-02
      Min diagonal in reduced matrix:    0.2005E-03
      Ratio:                             0.1731E+02
      Maximum no. diagonal digits lost:   0


 Direct Solver has completed LU decomposition 
    Conditioning information: 
      Max diagonal in reduced matrix:    0.4469E+02
      Min diagonal in reduced matrix:    0.4807E+00
      Ratio:                             0.9297E+02
      Maximum no. diagonal digits lost:   1


  Newton Raphson iteration       1
  Correction norm               0.486774D-13
  Generalized Force norm        0.113957D+00
  Out of balance force norm     0.213683D-14
  Ratio                         0.187512D-13
  Tolerance                     0.100000D-07


    Step number     2 has completed successfully
    Steps remaining:                           1
    Elapsed time:                     2.0000    
    Time remaining:                   8.0000    
    Time step has been adjusted to:   1.0000    
    Max time step:                    1.0000    
    Min time step:                   0.10000E-02


 Direct Solver has completed LU decomposition 
    Conditioning information: 
      Max diagonal in reduced matrix:    0.3471E-02
      Min diagonal in reduced matrix:    0.2005E-03
      Ratio:                             0.1731E+02
      Maximum no. diagonal digits lost:   0


 Direct Solver has completed LU decomposition 
    Conditioning information: 
      Max diagonal in reduced matrix:    0.4469E+02
      Min diagonal in reduced matrix:    0.4807E+00
      Ratio:                             0.9297E+02
      Maximum no. diagonal digits lost:   1


  Newton Raphson iteration       1
  Correction norm               0.240796D-13
  Generalized Force norm        0.170935D+00
  Out of balance force norm     0.312493D-14
  Ratio                         0.182814D-13
  Tolerance                     0.100000D-07


    Step number     3 has completed successfully
    Steps remaining:                           0
    Elapsed time:                     3.0000    
    Time remaining:                   7.0000    
    Time step has been adjusted to:   1.0000    
    Max time step:                    1.0000    
    Min time step:                   0.10000E-02


 Direct Solver has completed LU decomposition 
    Conditioning information: 
      Max diagonal in reduced matrix:    0.3471E-02
      Min diagonal in reduced matrix:    0.2005E-03
      Ratio:                             0.1731E+02
      Maximum no. diagonal digits lost:   0
